INFO:     Will watch for changes in these directories: ['/Users/vishvendrasangwa/turff-review']
INFO:     Uvicorn running on http://127.0.0.1:8080 (Press CTRL+C to quit)
INFO:     Started reloader process [17646] using WatchFiles
/Users/vishvendrasangwa/turff-review/venv/lib/python3.9/site-packages/google/api_core/_python_version_support.py:242: FutureWarning: You are using a non-supported Python version (3.9.6). Google will not post any further updates to google.api_core supporting this Python version. Please upgrade to the latest Python version, or at least Python 3.10, and then update google.api_core.
  warnings.warn(message, FutureWarning)
/Users/vishvendrasangwa/turff-review/venv/lib/python3.9/site-packages/urllib3/__init__.py:35: NotOpenSSLWarning: urllib3 v2 only supports OpenSSL 1.1.1+, currently the 'ssl' module is compiled with 'LibreSSL 2.8.3'. See: https://github.com/urllib3/urllib3/issues/3020
  warnings.warn(
/Users/vishvendrasangwa/turff-review/venv/lib/python3.9/site-packages/google/auth/__init__.py:54: FutureWarning: You are using a Python version 3.9 past its end of life. Google will update google-auth with critical bug fixes on a best-effort basis, but not with any other fixes or features. Please upgrade your Python version, and then update google-auth.
  warnings.warn(eol_message.format("3.9"), FutureWarning)
/Users/vishvendrasangwa/turff-review/venv/lib/python3.9/site-packages/google/oauth2/__init__.py:40: FutureWarning: You are using a Python version 3.9 past its end of life. Google will update google-auth with critical bug fixes on a best-effort basis, but not with any other fixes or features. Please upgrade your Python version, and then update google-auth.
  warnings.warn(eol_message.format("3.9"), FutureWarning)
/Users/vishvendrasangwa/turff-review/venv/lib/python3.9/site-packages/google/api_core/_python_version_support.py:242: FutureWarning: You are using a non-supported Python version (3.9.6). Google will not post any further updates to google.cloud.secretmanager_v1 supporting this Python version. Please upgrade to the latest Python version, or at least Python 3.10, and then update google.cloud.secretmanager_v1.
  warnings.warn(message, FutureWarning)
INFO:     Started server process [17659]
INFO:     Waiting for application startup.
INFO:     Application startup complete.
INFO:     127.0.0.1:60099 - "GET /health HTTP/1.1" 200 OK
2026-04-13T06:20:47 [INFO] app.secrets: Fetching secret: github-webhook-secret (version: latest)
2026-04-13T06:20:47 [ERROR] app.main: Failed to fetch webhook secret: 403 Permission 'secretmanager.versions.access' denied on resource (or it may not exist). [reason: "IAM_PERMISSION_DENIED"
domain: "iam.googleapis.com"
metadata {
  key: "permission"
  value: "secretmanager.versions.access"
}
]
INFO:     2406:7400:63:3049:a84e:8443:1394:994d:0 - "POST /webhook HTTP/1.1" 500 Internal Server Error
2026-04-13T06:21:46 [INFO] app.secrets: Fetching secret: github-webhook-secret (version: latest)
2026-04-13T06:21:47 [ERROR] app.main: Failed to fetch webhook secret: 403 Permission 'secretmanager.versions.access' denied on resource (or it may not exist). [reason: "IAM_PERMISSION_DENIED"
domain: "iam.googleapis.com"
metadata {
  key: "permission"
  value: "secretmanager.versions.access"
}
]
INFO:     127.0.0.1:60578 - "POST /webhook HTTP/1.1" 500 Internal Server Error
2026-04-13T06:24:16 [INFO] app.secrets: Fetching secret: github-webhook-secret (version: latest)
INFO:     127.0.0.1:61463 - "POST /webhook HTTP/1.1" 401 Unauthorized
INFO:     2406:7400:63:3049:a84e:8443:1394:994d:0 - "GET /health HTTP/1.1" 200 OK
INFO:     2406:7400:63:3049:a84e:8443:1394:994d:0 - "POST /webhook HTTP/1.1" 401 Unauthorized
INFO:     2406:7400:63:3049:a84e:8443:1394:994d:0 - "GET /health HTTP/1.1" 200 OK
2026-04-13T06:49:39 [INFO] app.main: Accepted PR event: action=opened, repo=absolutely-ai/truff-review, PR=#999
INFO:     2406:7400:63:3049:a84e:8443:1394:994d:0 - "POST /webhook HTTP/1.1" 202 Accepted
2026-04-13T06:49:39 [ERROR] app.reviewer: Malformed webhook payload — missing key: 'installation'
